"TAB" "+showscores"
"ESCAPE" "cancelselect"
"SPACE" "+jump"
"+" "sizeup"
"," "specprev"
"-" "sizedown"
"." "specnext"
"0" "slot0"
"1" "slot1"
"2" "slot2"
"3" "slot3"
"4" "slot4"
"5" "slot5"
"6" "slot6"
"7" "slot7"
"8" "slot8"
"9" "slot9"
"=" "sizeup"
"`" "toggleconsole"
"a" "gearup"
"c" "changeview"
"d" "firstperson"
"h" "+horn"
"i" "+camdistance"
"k" "kill"
"l" "impulse 100"
"m" "selectcar"
"o" "+cammousemove"
"q" "mp3player"
"r" "+voicerecord"
"t" "messagemode"
"u" "messagemode"
"v" "changedistance"
"z" "geardown"
"~" "toggleconsole"
"UPARROW" "+forward"
"DOWNARROW" "+back"
"LEFTARROW" "+left"
"RIGHTARROW" "+right"
"SHIFT" "geardown"
"F1" "+showscores"
"F5" "snapshot"
"F6" "save quick"
"F7" "load quick"
"F10" "quit"
"INS" "+klook"
"END" "centerview"
"MWHEELDOWN" "geardown"
"MWHEELUP" "gearup"
"MOUSE1" "+back"
"MOUSE2" "+forward"
"PAUSE" "pause"
